[2018-11-14 17:05:47] START
[2018-11-14 17:19:49] CREATE basics.py: 0
[2018-11-14 17:22:47] EDIT pythonWeb/controllers/basics.py: 3
[2018-11-14 17:24:03] CREATE basics/helloworld.html: 0
[2018-11-14 17:24:56] EDIT pythonWeb/views/basics/helloworld.html: 0
[2018-11-14 17:25:38] EDIT pythonWeb/views/basics/helloworld.html: 2
[2018-11-14 17:30:26] EDIT pythonWeb/views/basics/helloworld.html: 3
[2018-11-14 17:39:22] DELETE pythonWeb/views/basics/request_args.html: -5
[2018-11-14 17:39:44] CREATE basics/request_args.html: 0
[2018-11-14 17:39:57] EDIT pythonWeb/views/basics/request_args.html: 2
[2018-11-14 17:56:43] EDIT pythonWeb/views/basics/request_vars.html: 0
[2018-11-14 18:07:12] EDIT pythonWeb/views/basics/request_object.html: 0
[2018-11-15 12:41:11] EDIT pythonWeb/models/db.py: 8
[2018-11-15 12:41:20] EDIT pythonWeb/models/db.py: 0
[2018-11-15 12:41:25] EDIT pythonWeb/models/db.py: 0
[2018-11-15 12:42:49] CREATE blog.py: 0
[2018-11-15 12:47:29] EDIT pythonWeb/controllers/blog.py: 6
[2018-11-15 12:50:34] CREATE blog/post.html: 0
[2018-11-15 12:52:07] EDIT pythonWeb/views/blog/post.html: 0
[2018-11-15 12:53:15] EDIT pythonWeb/controllers/blog.py: 0
[2018-11-15 12:54:25] EDIT pythonWeb/models/db.py: 0
[2018-11-15 12:56:13] EDIT pythonWeb/models/db.py: 0
[2018-11-15 12:58:37] EDIT pythonWeb/views/blog/post.html: 2
[2018-11-15 13:13:03] EDIT pythonWeb/controllers/blog.py: 10
[2018-11-15 13:13:50] CREATE blog/display_forms.html: 0
[2018-11-15 13:14:08] EDIT pythonWeb/views/blog/display_forms.html: 0
[2018-11-15 13:15:37] CREATE blog/thanks.html: 0
[2018-11-15 13:15:51] EDIT pythonWeb/views/blog/thanks.html: 0
[2018-11-15 13:15:59] EDIT pythonWeb/views/blog/thanks.html: -1
[2018-11-15 13:16:31] EDIT pythonWeb/controllers/blog.py: 2
[2018-11-15 13:21:47] CREATE blog/update.html: 0
[2018-11-15 13:22:28] EDIT pythonWeb/views/blog/update.html: 0
[2018-11-15 13:23:00] EDIT pythonWeb/controllers/blog.py: 8
[2018-11-15 13:26:20] CREATE blog/view.html: 0
[2018-11-15 13:31:35] EDIT pythonWeb/views/blog/view.html: 12
[2018-11-15 15:54:23] EDIT pythonWeb/models/db.py: 14
[2018-11-15 16:00:45] EDIT pythonWeb/models/db.py: 0
[2018-11-15 16:02:15] EDIT pythonWeb/models/db.py: 0
[2018-11-15 16:35:15] CREATE contacts.py: 0
[2018-11-15 16:36:13] EDIT pythonWeb/controllers/contacts.py: 3
[2018-11-15 16:53:46] EDIT pythonWeb/controllers/contacts.py: 3
[2018-11-15 16:53:56] EDIT pythonWeb/controllers/contacts.py: 0
[2018-11-15 16:54:14] CREATE contacts/add.html: 0
[2018-11-15 16:55:19] EDIT pythonWeb/views/contacts/add.html: 0
[2018-11-15 17:00:08] EDIT pythonWeb/controllers/contacts.py: 7
[2018-11-15 17:01:44] EDIT pythonWeb/controllers/contacts.py: 0
[2018-11-15 17:01:47] EDIT pythonWeb/controllers/contacts.py: 0
[2018-11-15 17:02:26] EDIT pythonWeb/controllers/contacts.py: 0
[2018-11-15 17:04:05] CREATE contacts/view.html: 0
[2018-11-15 17:07:50] EDIT pythonWeb/views/contacts/view.html: 19
[2018-11-15 17:08:25] EDIT pythonWeb/views/contacts/view.html: 0
[2018-11-15 17:10:37] EDIT pythonWeb/views/contacts/view.html: 0
[2018-11-15 17:11:44] EDIT pythonWeb/controllers/contacts.py: 8
[2018-11-15 17:14:24] EDIT pythonWeb/views/contacts/view.html: 1
[2018-11-15 17:15:27] EDIT pythonWeb/controllers/contacts.py: 0
[2018-11-15 17:18:32] CREATE contacts/update.html: 0
[2018-11-15 17:18:50] EDIT pythonWeb/views/contacts/update.html: 0
[2018-11-19 11:57:37] EDIT pythonWeb/controllers/blog.py: 2
[2018-11-19 12:45:38] CREATE session.py: 0
[2018-11-19 12:47:15] EDIT pythonweb/controllers/session.py: 7
[2018-11-19 12:47:16] EDIT pythonweb/controllers/session.py: 0
[2018-11-19 12:48:08] CREATE session/set.html: 0
[2018-11-19 12:48:12] CREATE session/view.html: 0
[2018-11-19 12:48:58] EDIT pythonweb/views/session/set.html: -1
[2018-11-19 12:50:49] EDIT pythonweb/views/session/view.html: 8
[2018-11-19 12:53:10] EDIT pythonweb/views/session/view.html: 3
